[2025-04-03 16:07:09] Command executed: "mysqldump" --host="localhost" --user="root" --password="" "portal" > "C:\xampp\htdocs\eduhive/backup_portal.sql" 2>&1
[2025-04-03 16:07:09] Return code: 1
[2025-04-03 16:07:09] Error: Backup failed with status code 1
[2025-04-03 16:07:09] Output: 
[2025-04-04 16:21:54] Command executed: "mysqldump" --host="localhost" --user="root" --password="" "portal" > "C:\xampp\htdocs\eduhive/backup_portal.sql" 2>&1
[2025-04-04 16:21:54] Return code: 1
[2025-04-04 16:21:54] Error: Backup failed with status code 1
[2025-04-04 16:21:54] Output: 
[2025-04-07 15:09:32] Command executed: "mysqldump" --host="localhost" --user="root" --password="" "portal" > "C:\xampp\htdocs\eduhive/backup_portal.sql" 2>&1
[2025-04-07 15:09:32] Return code: 1
[2025-04-07 15:09:32] Error: Backup failed with status code 1
[2025-04-07 15:09:32] Output: 
[2025-04-09 16:13:52] Command executed: "mysqldump" --host="localhost" --user="root" --password="" "portal" > "C:\xampp\htdocs\eduhive/backup_portal.sql" 2>&1
[2025-04-09 16:13:52] Return code: 1
[2025-04-09 16:13:52] Error: Backup failed with status code 1
[2025-04-09 16:13:52] Output: 
[2025-04-14 09:08:41] Command executed: "mysqldump" --host="localhost" --user="root" --password="" "portal" > "C:\xampp\htdocs\eduhive/backup_portal.sql" 2>&1
[2025-04-14 09:08:41] Return code: 1
[2025-04-14 09:08:41] Error: Backup failed with status code 1
[2025-04-14 09:08:41] Output: 
[2025-04-15 10:48:59] Command executed: "mysqldump" --host="localhost" --user="root" --password="" "portal" > "C:\xampp\htdocs\eduhive/backup_portal.sql" 2>&1
[2025-04-15 10:48:59] Return code: 1
[2025-04-15 10:48:59] Error: Backup failed with status code 1
[2025-04-15 10:48:59] Output: 
[2025-04-16 12:34:18] Command executed: "mysqldump" --host="localhost" --user="root" --password="" "portal" > "C:\xampp\htdocs\eduhive/backup_portal.sql" 2>&1
[2025-04-16 12:34:18] Return code: 1
[2025-04-16 12:34:18] Error: Backup failed with status code 1
[2025-04-16 12:34:18] Output: 
[2025-04-20 18:42:11] Command executed: "mysqldump" --host="localhost" --user="root" --password="" "portal" > "C:\xampp\htdocs\eduhive/backup_portal.sql" 2>&1
[2025-04-20 18:42:11] Return code: 1
[2025-04-20 18:42:11] Error: Backup failed with status code 1
[2025-04-20 18:42:11] Output: 
[2025-04-23 13:19:34] Command executed: "mysqldump" --host="localhost" --user="root" --password="" "portal" > "C:\xampp\htdocs\eduhive/backup_portal.sql" 2>&1
[2025-04-23 13:19:34] Return code: 1
[2025-04-23 13:19:34] Error: Backup failed with status code 1
[2025-04-23 13:19:34] Output: 
[2025-04-24 14:33:04] Command executed: "mysqldump" --host="localhost" --user="root" --password="" "portal" > "C:\xampp\htdocs\eduhive/backup_portal.sql" 2>&1
[2025-04-24 14:33:04] Return code: 1
[2025-04-24 14:33:04] Error: Backup failed with status code 1
[2025-04-24 14:33:04] Output: 
[2025-04-26 09:40:06] Command executed: "mysqldump" --host="localhost" --user="root" --password="" "portal" > "C:\xampp\htdocs\eduhive/backup_portal.sql" 2>&1
[2025-04-26 09:40:06] Return code: 1
[2025-04-26 09:40:06] Error: Backup failed with status code 1
[2025-04-26 09:40:06] Output: 
[2025-04-28 11:52:03] Command executed: "mysqldump" --host="localhost" --user="root" --password="" "portal" > "C:\xampp\htdocs\eduhive/backup_portal.sql" 2>&1
[2025-04-28 11:52:03] Return code: 1
[2025-04-28 11:52:03] Error: Backup failed with status code 1
[2025-04-28 11:52:03] Output: 
[2025-04-29 12:55:46] Command executed: "mysqldump" --host="localhost" --user="root" --password="" "portal" > "C:\xampp\htdocs\eduhive/backup_portal.sql" 2>&1
[2025-04-29 12:55:46] Return code: 1
[2025-04-29 12:55:46] Error: Backup failed with status code 1
[2025-04-29 12:55:46] Output: 
[2025-04-30 13:31:09] Command executed: "mysqldump" --host="localhost" --user="root" --password="" "portal" > "C:\xampp\htdocs\eduhive/backup_portal.sql" 2>&1
[2025-04-30 13:31:09] Return code: 1
[2025-04-30 13:31:09] Error: Backup failed with status code 1
[2025-04-30 13:31:09] Output: 
[2025-05-03 15:10:50] Command executed: "mysqldump" --host="localhost" --user="root" --password="" "portal" > "C:\xampp\htdocs\eduhive/backup_portal.sql" 2>&1
[2025-05-03 15:10:50] Return code: 1
[2025-05-03 15:10:50] Error: Backup failed with status code 1
[2025-05-03 15:10:50] Output: 
[2025-05-05 15:30:27] Command executed: "mysqldump" --host="localhost" --user="root" --password="" "portal" > "C:\xampp\htdocs\eduhive/backup_portal.sql" 2>&1
[2025-05-05 15:30:27] Return code: 1
[2025-05-05 15:30:27] Error: Backup failed with status code 1
[2025-05-05 15:30:27] Output: 
[2025-05-06 20:13:04] Command executed: "mysqldump" --host="localhost" --user="root" --password="" "portal" > "C:\xampp\htdocs\eduhive/backup_portal.sql" 2>&1
[2025-05-06 20:13:04] Return code: 1
[2025-05-06 20:13:04] Error: Backup failed with status code 1
[2025-05-06 20:13:04] Output: 
[2025-05-08 13:16:07] Command executed: "mysqldump" --host="localhost" --user="root" --password="" "portal" > "C:\xampp\htdocs\eduhive/backup_portal.sql" 2>&1
[2025-05-08 13:16:07] Return code: 1
[2025-05-08 13:16:07] Error: Backup failed with status code 1
[2025-05-08 13:16:07] Output: 
[2025-05-10 09:16:08] Command executed: "mysqldump" --host="localhost" --user="root" --password="" "portal" > "C:\xampp\htdocs\eduhive/backup_portal.sql" 2>&1
[2025-05-10 09:16:08] Return code: 1
[2025-05-10 09:16:08] Error: Backup failed with status code 1
[2025-05-10 09:16:08] Output: 
[2025-05-12 09:46:21] Command executed: "mysqldump" --host="localhost" --user="root" --password="" "portal" > "C:\xampp\htdocs\eduhiveV2/backup_portal.sql" 2>&1
[2025-05-12 09:46:21] Return code: 1
[2025-05-12 09:46:21] Error: Backup failed with status code 1
[2025-05-12 09:46:21] Output: 
[2025-05-12 17:07:33] Command executed: "mysqldump" --host="localhost" --user="root" --password="" "portalv2" > "C:\xampp\htdocs\eduhiveV2/backup_portalv2.sql" 2>&1
[2025-05-12 17:07:33] Return code: 1
[2025-05-12 17:07:33] Error: Backup failed with status code 1
[2025-05-12 17:07:33] Output: 
[2025-05-15 16:07:47] Command executed: "mysqldump" --host="localhost" --user="root" --password="" "portalv2" > "C:\xampp\htdocs\eduhiveV2/backup_portalv2.sql" 2>&1
[2025-05-15 16:07:47] Return code: 1
[2025-05-15 16:07:47] Error: Backup failed with status code 1
[2025-05-15 16:07:47] Output: 
[2025-05-24 22:32:57] Command executed: "mysqldump" --host="localhost" --user="root" --password="" "portalv2" > "C:\xampp\htdocs\eduhiveV2/backup_portalv2.sql" 2>&1
[2025-05-24 22:32:57] Return code: 1
[2025-05-24 22:32:57] Error: Backup failed with status code 1
[2025-05-24 22:32:57] Output: 
[2025-05-29 09:39:15] Command executed: "mysqldump" --host="localhost" --user="root" --password="" "portalv2" > "C:\xampp\htdocs\eduhiveV2/backup_portalv2.sql" 2>&1
[2025-05-29 09:39:15] Return code: 1
[2025-05-29 09:39:15] Error: Backup failed with status code 1
[2025-05-29 09:39:15] Output: 
[2025-05-29 08:41:25] Command executed: 'mysqldump' --host='localhost' --user='dinolabs_root' --password='foxtrot2november' 'dinolabs_portal' > '/home/dinolabs/public_html/eduhive/backup_dinolabs_portal.sql' 2>&1
[2025-05-29 08:41:25] Return code: 0
[2025-05-29 08:41:25] Backup successful: /home/dinolabs/public_html/eduhive/backup_dinolabs_portal.sql (68862 bytes)
[2025-06-02 18:31:41] Command executed: 'mysqldump' --host='localhost' --user='dinolabs_root' --password='foxtrot2november' 'dinolabs_portal' > '/home/dinolabs/public_html/eduhive/backup_dinolabs_portal.sql' 2>&1
[2025-06-02 18:31:41] Return code: 0
[2025-06-02 18:31:41] Backup successful: /home/dinolabs/public_html/eduhive/backup_dinolabs_portal.sql (68862 bytes)
[2025-06-06 17:49:38] Command executed: 'mysqldump' --host='localhost' --user='dinolabs_root' --password='foxtrot2november' 'dinolabs_portal' > '/home/dinolabs/public_html/eduhive/backup_dinolabs_portal.sql' 2>&1
[2025-06-06 17:49:38] Return code: 0
[2025-06-06 17:49:38] Backup successful: /home/dinolabs/public_html/eduhive/backup_dinolabs_portal.sql (68862 bytes)
[2025-06-08 09:45:27] Command executed: 'mysqldump' --host='localhost' --user='dinolabs_root' --password='foxtrot2november' 'dinolabs_portal' > '/home/dinolabs/public_html/eduhive/backup_dinolabs_portal.sql' 2>&1
[2025-06-08 09:45:27] Return code: 0
[2025-06-08 09:45:27] Backup successful: /home/dinolabs/public_html/eduhive/backup_dinolabs_portal.sql (68915 bytes)
[2025-06-09 15:37:59] Command executed: 'mysqldump' --host='localhost' --user='dinolabs_root' --password='foxtrot2november' 'dinolabs_portal' > '/home/dinolabs/public_html/eduhive/backup_dinolabs_portal.sql' 2>&1
[2025-06-09 15:37:59] Return code: 0
[2025-06-09 15:37:59] Backup successful: /home/dinolabs/public_html/eduhive/backup_dinolabs_portal.sql (68915 bytes)
[2025-06-20 11:17:02] Command executed: 'mysqldump' --host='localhost' --user='dinolabs_root' --password='foxtrot2november' 'dinolabs_portal' > '/home/dinolabs/public_html/eduhive/backup_dinolabs_portal.sql' 2>&1
[2025-06-20 11:17:02] Return code: 0
[2025-06-20 11:17:02] Backup successful: /home/dinolabs/public_html/eduhive/backup_dinolabs_portal.sql (69975 bytes)
[2025-06-23 15:23:48] Command executed: 'mysqldump' --host='localhost' --user='dinolabs_root' --password='foxtrot2november' 'dinolabs_portal' > '/home/dinolabs/public_html/eduhive/backup_dinolabs_portal.sql' 2>&1
[2025-06-23 15:23:48] Return code: 0
[2025-06-23 15:23:48] Backup successful: /home/dinolabs/public_html/eduhive/backup_dinolabs_portal.sql (69975 bytes)
[2025-06-26 20:58:50] Command executed: 'mysqldump' --host='localhost' --user='dinolabs_root' --password='foxtrot2november' 'dinolabs_portal' > '/home/dinolabs/public_html/eduhive/backup_dinolabs_portal.sql' 2>&1
[2025-06-26 20:58:50] Return code: 0
[2025-06-26 20:58:50] Backup successful: /home/dinolabs/public_html/eduhive/backup_dinolabs_portal.sql (69975 bytes)
[2025-06-30 14:19:23] Command executed: 'mysqldump' --host='localhost' --user='dinolabs_root' --password='foxtrot2november' 'dinolabs_portal' > '/home/dinolabs/public_html/eduhive/backup_dinolabs_portal.sql' 2>&1
[2025-06-30 14:19:23] Return code: 0
[2025-06-30 14:19:23] Backup successful: /home/dinolabs/public_html/eduhive/backup_dinolabs_portal.sql (112249 bytes)
[2025-07-03 10:42:10] Command executed: 'mysqldump' --host='localhost' --user='dinolabs_root' --password='foxtrot2november' 'dinolabs_portal' > '/home/dinolabs/public_html/eduhive/backup_dinolabs_portal.sql' 2>&1
[2025-07-03 10:42:10] Return code: 0
[2025-07-03 10:42:10] Backup successful: /home/dinolabs/public_html/eduhive/backup_dinolabs_portal.sql (112249 bytes)
[2025-07-11 08:49:14] Command executed: 'mysqldump' --host='localhost' --user='dinolabs_root' --password='foxtrot2november' 'dinolabs_portal' > '/home/dinolabs/public_html/eduhive/backup_dinolabs_portal.sql' 2>&1
[2025-07-11 08:49:14] Return code: 0
[2025-07-11 08:49:14] Backup successful: /home/dinolabs/public_html/eduhive/backup_dinolabs_portal.sql (112290 bytes)
[2025-07-15 10:15:40] Command executed: 'mysqldump' --host='localhost' --user='dinolabs_root' --password='foxtrot2november' 'dinolabs_portal' > '/home/dinolabs/public_html/eduhive/backup_dinolabs_portal.sql' 2>&1
[2025-07-15 10:15:40] Return code: 0
[2025-07-15 10:15:40] Backup successful: /home/dinolabs/public_html/eduhive/backup_dinolabs_portal.sql (112249 bytes)
[2025-07-16 17:28:55] Command executed: 'mysqldump' --host='localhost' --user='dinolabs_root' --password='foxtrot2november' 'dinolabs_portal' > '/home/dinolabs/public_html/eduhive/backup_dinolabs_portal.sql' 2>&1
[2025-07-16 17:28:55] Return code: 0
[2025-07-16 17:28:55] Backup successful: /home/dinolabs/public_html/eduhive/backup_dinolabs_portal.sql (112249 bytes)
[2025-07-18 19:31:52] Command executed: 'mysqldump' --host='localhost' --user='dinolabs_root' --password='foxtrot2november' 'dinolabs_portal' > '/home/dinolabs/public_html/eduhive/backup_dinolabs_portal.sql' 2>&1
[2025-07-18 19:31:52] Return code: 0
[2025-07-18 19:31:52] Backup successful: /home/dinolabs/public_html/eduhive/backup_dinolabs_portal.sql (112249 bytes)
[2025-07-21 10:21:32] Command executed: 'mysqldump' --host='localhost' --user='dinolabs_root' --password='foxtrot2november' 'dinolabs_portal' > '/home/dinolabs/public_html/eduhive/backup_dinolabs_portal.sql' 2>&1
[2025-07-21 10:21:32] Return code: 0
[2025-07-21 10:21:32] Backup successful: /home/dinolabs/public_html/eduhive/backup_dinolabs_portal.sql (112249 bytes)
[2025-07-22 15:10:34] Command executed: 'mysqldump' --host='localhost' --user='dinolabs_root' --password='foxtrot2november' 'dinolabs_portal' > '/home/dinolabs/public_html/eduhive/backup_dinolabs_portal.sql' 2>&1
[2025-07-22 15:10:34] Return code: 0
[2025-07-22 15:10:34] Backup successful: /home/dinolabs/public_html/eduhive/backup_dinolabs_portal.sql (113415 bytes)
[2025-07-24 12:35:42] Command executed: 'mysqldump' --host='localhost' --user='dinolabs_root' --password='foxtrot2november' 'dinolabs_portal' > '/home/dinolabs/public_html/eduhive/backup_dinolabs_portal.sql' 2>&1
[2025-07-24 12:35:42] Return code: 0
[2025-07-24 12:35:42] Backup successful: /home/dinolabs/public_html/eduhive/backup_dinolabs_portal.sql (123237 bytes)
[2025-07-25 14:13:06] Command executed: 'mysqldump' --host='localhost' --user='dinolabs_root' --password='foxtrot2november' 'dinolabs_portal' > '/home/dinolabs/public_html/eduhive/backup_dinolabs_portal.sql' 2>&1
[2025-07-25 14:13:06] Return code: 0
[2025-07-25 14:13:06] Backup successful: /home/dinolabs/public_html/eduhive/backup_dinolabs_portal.sql (123237 bytes)
[2025-07-28 12:02:33] Command executed: 'mysqldump' --host='localhost' --user='dinolabs_root' --password='foxtrot2november' 'dinolabs_portal' > '/home/dinolabs/public_html/eduhive/backup_dinolabs_portal.sql' 2>&1
[2025-07-28 12:02:33] Return code: 0
[2025-07-28 12:02:33] Backup successful: /home/dinolabs/public_html/eduhive/backup_dinolabs_portal.sql (127038 bytes)
[2025-07-31 23:40:09] Command executed: 'mysqldump' --host='localhost' --user='dinolabs_root' --password='foxtrot2november' 'dinolabs_portal' > '/home/dinolabs/public_html/eduhive/backup_dinolabs_portal.sql' 2>&1
[2025-07-31 23:40:09] Return code: 0
[2025-07-31 23:40:09] Backup successful: /home/dinolabs/public_html/eduhive/backup_dinolabs_portal.sql (125277 bytes)
[2025-08-02 16:49:44] Command executed: 'mysqldump' --host='localhost' --user='dinolabs_root' --password='foxtrot2november' 'dinolabs_portal' > '/home/dinolabs/public_html/eduhive/backup_dinolabs_portal.sql' 2>&1
[2025-08-02 16:49:44] Return code: 0
[2025-08-02 16:49:44] Backup successful: /home/dinolabs/public_html/eduhive/backup_dinolabs_portal.sql (125277 bytes)
[2025-08-15 09:32:44] Command executed: 'mysqldump' --host='localhost' --user='dinolabs_root' --password='foxtrot2november' 'dinolabs_portal' > '/home/dinolabs/public_html/eduhive/backup_dinolabs_portal.sql' 2>&1
[2025-08-15 09:32:44] Return code: 0
[2025-08-15 09:32:44] Backup successful: /home/dinolabs/public_html/eduhive/backup_dinolabs_portal.sql (125277 bytes)
[2025-08-20 13:46:14] Command executed: 'mysqldump' --host='localhost' --user='dinolabs_root' --password='foxtrot2november' 'dinolabs_portal' > '/home/dinolabs/public_html/eduhive/backup_dinolabs_portal.sql' 2>&1
[2025-08-20 13:46:14] Return code: 0
[2025-08-20 13:46:14] Backup successful: /home/dinolabs/public_html/eduhive/backup_dinolabs_portal.sql (124933 bytes)
[2025-08-21 18:24:06] Command executed: 'mysqldump' --host='localhost' --user='dinolabs_root' --password='foxtrot2november' 'dinolabs_portal' > '/home/dinolabs/public_html/eduhive/backup_dinolabs_portal.sql' 2>&1
[2025-08-21 18:24:06] Return code: 0
[2025-08-21 18:24:06] Backup successful: /home/dinolabs/public_html/eduhive/backup_dinolabs_portal.sql (124933 bytes)
[2025-08-25 15:25:45] Command executed: 'mysqldump' --host='localhost' --user='dinolabs_root' --password='foxtrot2november' 'dinolabs_portal' > '/home/dinolabs/public_html/eduhive/backup_dinolabs_portal.sql' 2>&1
[2025-08-25 15:25:45] Return code: 0
[2025-08-25 15:25:45] Backup successful: /home/dinolabs/public_html/eduhive/backup_dinolabs_portal.sql (414204 bytes)
[2025-08-27 13:52:31] Command executed: 'mysqldump' --host='localhost' --user='dinolabs_root' --password='foxtrot2november' 'dinolabs_portal' > '/home/dinolabs/public_html/eduhive/backup_dinolabs_portal.sql' 2>&1
[2025-08-27 13:52:31] Return code: 0
[2025-08-27 13:52:31] Backup successful: /home/dinolabs/public_html/eduhive/backup_dinolabs_portal.sql (196055 bytes)
[2025-09-12 21:35:41] Command executed: "mysqldump" --host="localhost" --user="root" --password="" "portalv2" > "C:\xampp\htdocs\eduhiveV2/backup_portalv2.sql" 2>&1
[2025-09-12 21:35:41] Return code: 1
[2025-09-12 21:35:41] Error: Backup failed with status code 1
[2025-09-12 21:35:41] Output: 
[2025-09-17 09:58:08] Command executed: "mysqldump" --host="localhost" --user="root" --password="" "portalv2" > "C:\xampp\htdocs\eduhiveV2/backup_portalv2.sql" 2>&1
[2025-09-17 09:58:08] Return code: 1
[2025-09-17 09:58:08] Error: Backup failed with status code 1
[2025-09-17 09:58:08] Output: 
[2025-09-24 20:45:57] Command executed: "mysqldump" --host="localhost" --user="root" --password="" "portalv2" > "C:\xampp\htdocs\eduhiveV2/backup_portalv2.sql" 2>&1
[2025-09-24 20:45:57] Return code: 1
[2025-09-24 20:45:57] Error: Backup failed with status code 1
[2025-09-24 20:45:57] Output: 
[2025-09-26 21:00:50] Command executed: "mysqldump" --host="localhost" --user="root" --password="" "portalv2" > "C:\xampp\htdocs\edupack\backend/backup_portalv2.sql" 2>&1
[2025-09-26 21:00:50] Return code: 1
[2025-09-26 21:00:50] Error: Backup failed with status code 1
[2025-09-26 21:00:50] Output: 
[2025-09-27 22:19:35] Command executed: "mysqldump" --host="localhost" --user="root" --password="" "portalv2" > "C:\xampp\htdocs\edupack\backend/backup_portalv2.sql" 2>&1
[2025-09-27 22:19:35] Return code: 1
[2025-09-27 22:19:35] Error: Backup failed with status code 1
[2025-09-27 22:19:35] Output: 
[2025-09-29 10:49:04] Command executed: "mysqldump" --host="localhost" --user="root" --password="" "portalv2" > "C:\xampp\htdocs\edupack\backend/backup_portalv2.sql" 2>&1
[2025-09-29 10:49:04] Return code: 1
[2025-09-29 10:49:04] Error: Backup failed with status code 1
[2025-09-29 10:49:04] Output: 
[2025-09-30 18:42:10] Command executed: "mysqldump" --host="localhost" --user="root" --password="" "portalv2" > "C:\xampp\htdocs\edupack\backend/backup_portalv2.sql" 2>&1
[2025-09-30 18:42:10] Return code: 1
[2025-09-30 18:42:10] Error: Backup failed with status code 1
[2025-09-30 18:42:10] Output: 
[2025-10-01 19:03:11] Command executed: "mysqldump" --host="localhost" --user="root" --password="" "portalv2" > "C:\xampp\htdocs\edupack\backend/backup_portalv2.sql" 2>&1
[2025-10-01 19:03:11] Return code: 1
[2025-10-01 19:03:11] Error: Backup failed with status code 1
[2025-10-01 19:03:11] Output: 
[2025-10-02 20:07:28] Command executed: "mysqldump" --host="localhost" --user="root" --password="" "portalv2" > "C:\xampp\htdocs\edupack\backend/backup_portalv2.sql" 2>&1
[2025-10-02 20:07:28] Return code: 1
[2025-10-02 20:07:28] Error: Backup failed with status code 1
[2025-10-02 20:07:28] Output: 
[2025-10-04 09:31:53] Command executed: "mysqldump" --host="localhost" --user="root" --password="" "portalv2" > "C:\xampp\htdocs\edupack\backend/backup_portalv2.sql" 2>&1
[2025-10-04 09:31:53] Return code: 1
[2025-10-04 09:31:53] Error: Backup failed with status code 1
[2025-10-04 09:31:53] Output: 
